011000100( ) : 475d : 0100011101011101   4  *JVZ
010101000($) : 4445 : 0100010001000101   1  /
000101010(%) : 5111 : 0101000100010001   1  +
010010100(*) : 45dd : 0100010111011101   3  0X
010001010(+) : 4511 : 0100010100010001   2  %/
010000101(-) : 4577 : 0100010101110111   5  7GVXZ
110000100(.) : 715d : 0111000101011101   6  08HUWY
010100010(/) : 4451 : 0100010001010001   2  $+
000110100(0) : 51dd : 0101000111011101   4  *.4W
100100001(1) : 7457 : 0111010001010111   7  258AGKU
001100001(2) : 5c57 : 0101110001010111   6  169BGL
101100000(3) : 7715 : 0111011100010101   6  ACDHJM
000110001(4) : 51d7 : 0101000111010111   6  07QUWX
100110000(5) : 7475 : 0111010001110101   6  168GRY
001110000(6) : 5c75 : 0101110001110101   5  259GS
000100101(7) : 5177 : 0101000101110111   5  -4GUY
100100100(8) : 745d : 0111010001011101   5  .159H
001100100(9) : 5c5d : 0101110001011101   4  268I
100001001(A) : 7517 : 0111010100010111   7  13BDHKU
001001001(B) : 5d17 : 0101110100010111   5  2ADIL
101001000(C) : 7745 : 0111011101000101   5  3EKMN
000011001(D) : 5717 : 0101011100010111   6  3ABJNV
100011000(E) : 75c5 : 0111010111000101   6  CFKOQW
001011000(F) : 5dc5 : 0101110111000101   4  ELPQ
000001101(G) : 5477 : 0101010001110111   6  -12567
100001100(H) : 751d : 0111010100011101   6  .38AIJ
001001100(I) : 5d1d : 0101110100011101   4  9BHJ
000011100(J) : 571d : 0101011100011101   5  3DHI
100000011(K) : 7547 : 0111010101000111   8  1ACELNQU
001000011(L) : 5d47 : 0101110101000111   6  2BFKNQ
101000010(M) : 7751 : 0111011101010001   5  3CORT
000010011(N) : 5747 : 0101011101000111   6  CDKLQV
100010010(O) : 75d1 : 0111010111010001   5  EMPRW
001010010(P) : 5dd1 : 0101110111010001   3  FOS
000000111(Q) : 55c7 : 0101010111000111   7  4EFKLNX
100000110(R) : 7571 : 0111010101110001   6  5MOSTY
001000110(S) : 5d71 : 0101110101110001   4  6PRT
000010110(T) : 5771 : 0101011101110001   4  MRSZ
110000001(U) : 7157 : 0111000101010111   8  .147AKWY
011000001(V) : 4757 : 0100011101010111   6  -DNXZ
111000000(W) : 71d5 : 0111000111010101   7  .04EOUY
010010001(X) : 45d7 : 0100010111010111   5  *-4QV
110010000(Y) : 7175 : 0111000101110101   5  .57RUW
011010000(Z) : 4775 : 0100011101110101   4  -TV
